<?xml version="1.0" encoding="UTF-8"?>
<!-- Generated by org.testng.reporters.JUnitReportReporter -->
<testsuite hostname="Jyothsna" failures="0" tests="1" name="GradleTwo.LibraryTest" time="8.267" errors="0" timestamp="2022-09-28T12:48:04 IST" skipped="0">
  <testcase classname="GradleTwo.LibraryTest" name="testSomeLibraryMethod" time="8.267"/>
  <system-out/>
</testsuite> <!-- GradleTwo.LibraryTest -->
